#
# A fatal error has been detected by the Java Runtime Environment:
#
#  EXCEPTION_ACCESS_VIOLATION (0xc0000005) at pc=0x00007ffd8b74c0fc, pid=8388, tid=17900
#
# JRE version: OpenJDK Runtime Environment (23.0.2+7) (build 23.0.2+7-58)
# Java VM: OpenJDK 64-Bit Server VM (23.0.2+7-58, mixed mode, sharing, tiered, compressed oops, compressed class ptrs, g1 gc, windows-amd64)
# Problematic frame:
# C  [awt.dll+0xdc0fc]
#
# No core dump will be written. Minidumps are not enabled by default on client versions of Windows
#
# If you would like to submit a bug report, please visit:
#   https://bugreport.java.com/bugreport/crash.jsp
# The crash happened outside the Java Virtual Machine in native code.
# See problematic frame for where to report the bug.
#

---------------  S U M M A R Y ------------

Command Line: -javaagent:C:\Program Files\JetBrains\IntelliJ IDEA Community Edition 2024.3.2\lib\idea_rt.jar=52513:C:\Program Files\JetBrains\IntelliJ IDEA Community Edition 2024.3.2\bin -Dfile.encoding=UTF-8 -Dsun.stdout.encoding=UTF-8 -Dsun.stderr.encoding=UTF-8 Bank.Management.System.Login

Host: Intel(R) Core(TM) i7-8650U CPU @ 1.90GHz, 8 cores, 15G,  Windows 11 , 64 bit Build 22621 (10.0.22621.4391)
Time: Thu Jan 23 10:27:20 2025 India Standard Time elapsed time: 107.998681 seconds (0d 0h 1m 47s)

---------------  T H R E A D  ---------------

Current thread (0x000002629e0ae440):  JavaThread "AWT-Windows" daemon [_thread_in_native, id=17900, stack(0x000000b221e00000,0x000000b221f00000) (1024K)]

Stack: [0x000000b221e00000,0x000000b221f00000],  sp=0x000000b221efed60,  free space=1019k
Native frames: (J=compiled Java code, j=interpreted, Vv=VM code, C=native code)
C  [awt.dll+0xdc0fc]  (no source info available)
C  [awt.dll+0x9788b]  (no source info available)
C  [awt.dll+0x978d6]  (no source info available)
C  [awt.dll+0x94ca6]  (no source info available)
C  [awt.dll+0xe0f7c]  (no source info available)
C  [awt.dll+0xb0d2d]  (no source info available)
C  [awt.dll+0x97e0d]  (no source info available)
C  [USER32.dll+0x183f1]  (no source info available)
C  [USER32.dll+0x17c3b]  (no source info available)
C  [awt.dll+0x161c3]  (no source info available)
C  [COMCTL32.dll+0x18002]  (no source info available)
C  [COMCTL32.dll+0x17de7]  (no source info available)
C  [USER32.dll+0x183f1]  (no source info available)
C  [USER32.dll+0x17eb1]  (no source info available)
C  [awt.dll+0xd52fe]  (no source info available)
C  [awt.dll+0xd7232]  (no source info available)
C  0x000002628fbad207  (no source info available)

The last pc belongs to native method entry point (kind = native) (printed below).
Java frames: (J=compiled Java code, j=interpreted, Vv=VM code)
j  sun.awt.windows.WToolkit.eventLoop()V+0 java.desktop@23.0.2
j  sun.awt.windows.WToolkit.run()V+50 java.desktop@23.0.2
j  java.lang.Thread.runWith(Ljava/lang/Object;Ljava/lang/Runnable;)V+5 java.base@23.0.2
j  java.lang.Thread.run()V+19 java.base@23.0.2
v  ~StubRoutines::call_stub 0x000002628fba0fcd

siginfo: EXCEPTION_ACCESS_VIOLATION (0xc0000005), reading address 0x0000000000000004


Registers:
RAX=0x00000262e4c9cce0, RBX=0x00000262e4b35e30, RCX=0x0000000000000000, RDX=0x0000000000000000
RSP=0x000000b221efed60, RBP=0x000000b221efee69, RSI=0x00000262e5366c80, RDI=0x0000000000000000
R8 =0x0000000000000001, R9 =0x000000b221efee69, R10=0x0000000000000000, R11=0x0000000000000246
R12=0x0000000000000000, R13=0x0000000000000310, R14=0x0000000000000000, R15=0x0000000000000000
RIP=0x00007ffd8b74c0fc, EFLAGS=0x0000000000010246


Register to memory mapping:

RAX=0x00000262e4c9cce0 points into unknown readable memory: 0x0000000000000000 | 00 00 00 00 00 00 00 00
RBX=0x00000262e4b35e30 points into unknown readable memory: 0x00000262e57fa3a0 | a0 a3 7f e5 62 02 00 00
RCX=0x0 is null
RDX=0x0 is null
RSP=0x000000b221efed60 is pointing into the stack for thread: 0x000002629e0ae440
RBP=0x000000b221efee69 is pointing into the stack for thread: 0x000002629e0ae440
RSI=0x00000262e5366c80 points into unknown readable memory: 0x00007ffd8b77c860 | 60 c8 77 8b fd 7f 00 00
RDI=0x0 is null
R8 =0x0000000000000001 is an unknown value
R9 =0x000000b221efee69 is pointing into the stack for thread: 0x000002629e0ae440
R10=0x0 is null
R11=0x0000000000000246 is an unknown value
R12=0x0 is null
R13=0x0000000000000310 is an unknown value
R14=0x0 is null
R15=0x0 is null

Top of Stack: (sp=0x000000b221efed60)
0x000000b221efed60:   00007ffd8b7a9838 0000000000000000
0x000000b221efed70:   ffffffffee011121 0000000000000000
0x000000b221efed80:   0000000000000000 00007ffd8b70788b
0x000000b221efed90:   0000000000000000 00000262e4b35e30
0x000000b221efeda0:   0000000000000000 00000262e5366c80
0x000000b221efedb0:   0000000000000000 00007ffd8b7078d6
0x000000b221efedc0:   00000262e5366c80 00007ffd8b670000
0x000000b221efedd0:   000000000000c203 00007ffdc0d7b3a1
0x000000b221efede0:   0000000000000000 00007ffd8b704ca6
0x000000b221efedf0:   00000262e5366c80 0000000000000000
0x000000b221efee00:   0000000000000001 00007ffdca396b27
0x000000b221efee10:   000000b221efeed0 00007ffdc85c8696
0x000000b221efee20:   00007ffd8b707db0 0000000000000000
0x000000b221efee30:   0000000000000000 00007ffdca398af3
0x000000b221efee40:   0000000000000000 000000b221efeed0
0x000000b221efee50:   000000b221efeed4 000002629e0ae800
0x000000b221efee60:   00000262e5366d20 000000000000c203
0x000000b221efee70:   000000000000c203 00009dee2e20cde8
0x000000b221efee80:   000002629e4b7a10 0000000000000000
0x000000b221efee90:   0000000000000000 0000000000000000
0x000000b221efeea0:   0000000000000000 0000000000000310
0x000000b221efeeb0:   0000000000000000 00000262e5366c80
0x000000b221efeec0:   00000262e5366c80 00007ffd8b750f7c
0x000000b221efeed0:   0000000200000002 0000000000000000
0x000000b221efeee0:   0000dff899c3fa1b 0000d8991979fe84
0x000000b221efeef0:   0000000000000000 000000000000c203
0x000000b221efef00:   0000000000000000 0000000000000000
0x000000b221efef10:   000000b221eff0e8 00007ffdc85c8696
0x000000b221efef20:   000000000000008e 00007ffdca398af3
0x000000b221efef30:   ffffffffffffffeb 00007ffdc85cacb9
0x000000b221efef40:   00000262e0762d48 00009dee2e20cec8
0x000000b221efef50:   000000000031070c 0000000000000000 

Instructions: (pc=0x00007ffd8b74c0fc)
0x00007ffd8b74bffc:   2b fe 66 90 8b 04 0f 89 01 48 8d 49 04 48 83 ea
0x00007ffd8b74c00c:   01 75 f1 45 85 ff 7e 11 4d 8b c7 33 d2 49 c1 e0
0x00007ffd8b74c01c:   02 49 8b ce e8 33 0b 01 00 48 8b 03 45 33 c9 4d
0x00007ffd8b74c02c:   8b c6 48 8b d5 48 8b cb ff 90 f8 06 00 00 48 8b
0x00007ffd8b74c03c:   03 45 33 c9 4c 8b c6 49 8b d4 48 8b cb ff 90 f8
0x00007ffd8b74c04c:   06 00 00 4c 8b 05 5a a3 06 00 48 8b cb 48 8b 15
0x00007ffd8b74c05c:   30 a3 06 00 e8 4b f4 fb ff e9 5d ff ff ff 48 8d
0x00007ffd8b74c06c:   15 67 49 03 00 48 8b cb e8 3c d6 00 00 e9 58 ff
0x00007ffd8b74c07c:   ff ff cc cc 48 89 5c 24 08 57 48 83 ec 20 8b f9
0x00007ffd8b74c08c:   e8 0f bc f4 ff 48 8b d8 48 89 44 24 38 41 b8 01
0x00007ffd8b74c09c:   00 00 00 8b d7 48 8b c8 e8 77 bb f4 ff 48 8b c8
0x00007ffd8b74c0ac:   e8 8f fd ff ff 90 48 8b cb e8 a6 bd f4 ff 90 48
0x00007ffd8b74c0bc:   8b 5c 24 30 48 83 c4 20 5f c3 cc cc cc cc cc cc
0x00007ffd8b74c0cc:   cc cc cc cc 48 89 5c 24 08 57 48 83 ec 20 8b f9
0x00007ffd8b74c0dc:   e8 bf bb f4 ff 48 8b d8 48 89 44 24 38 41 b8 01
0x00007ffd8b74c0ec:   00 00 00 8b d7 48 8b c8 e8 27 bb f4 ff 48 8b 08
0x00007ffd8b74c0fc:   83 79 04 08 7e 04 33 ff eb 0b 48 8b 48 08 e8 81
0x00007ffd8b74c10c:   79 fe ff 8b f8 48 8b cb e8 47 bd f4 ff 90 8b c7
0x00007ffd8b74c11c:   48 8b 5c 24 30 48 83 c4 20 5f c3 cc cc cc cc cc
0x00007ffd8b74c12c:   cc cc cc cc 48 89 5c 24 08 48 89 74 24 10 48 89
0x00007ffd8b74c13c:   7c 24 18 41 56 48 83 ec 30 41 8b f9 45 8b f0 48
0x00007ffd8b74c14c:   8b f2 48 8b d9 e8 3a 8a 00 00 e8 75 ad ff ff 8b
0x00007ffd8b74c15c:   44 24 68 89 44 24 20 44 8b 4c 24 60 44 8b c7 41
0x00007ffd8b74c16c:   8b d6 48 8b cb e8 6a e6 ff ff 48 8b f8 48 85 c0
0x00007ffd8b74c17c:   74 7f 48 8b 03 48 8b d6 48 8b cb ff 90 f8 00 00
0x00007ffd8b74c18c:   00 48 8b d0 48 8b cb 48 85 c0 75 0e 48 8d 15 c1
0x00007ffd8b74c19c:   49 03 00 e8 11 d5 00 00 eb 57 48 8b 03 4c 8d 0d
0x00007ffd8b74c1ac:   d8 49 03 00 4c 8d 05 e9 49 03 00 ff 90 08 01 00
0x00007ffd8b74c1bc:   00 48 8b cb 48 85 c0 75 1a 48 8b 03 ff 90 88 00
0x00007ffd8b74c1cc:   00 00 48 8d 15 d3 49 03 00 48 8b cb e8 d8 d4 00
0x00007ffd8b74c1dc:   00 eb 1e 4c 8b cf 4c 8b c0 48 8b d6 e8 43 df fa
0x00007ffd8b74c1ec:   ff 48 8b 03 48 8b d7 48 8b cb ff 90 b8 00 00 00 


Stack slot to memory mapping:

stack at sp + 0 slots: 0x00007ffd8b7a9838 awt.dll
stack at sp + 1 slots: 0x0 is null
stack at sp + 2 slots: 0xffffffffee011121 is an unknown value
stack at sp + 3 slots: 0x0 is null
stack at sp + 4 slots: 0x0 is null
stack at sp + 5 slots: 0x00007ffd8b70788b awt.dll
stack at sp + 6 slots: 0x0 is null
stack at sp + 7 slots: 0x00000262e4b35e30 points into unknown readable memory: 0x00000262e57fa3a0 | a0 a3 7f e5 62 02 00 00

Lock stack of current Java thread (top to bottom):

native method entry point (kind = native)  [0x000002628fbacde0, 0x000002628fbad938]  2904 bytes
[MachCode]
  0x000002628fbacde0: 488b 4b08 | 0fb7 492e | 584c 8d74 | ccf8 6800 | 0000 0068 | 0000 0000 | 5055 488b | ec41 5568 
  0x000002628fbace00: 0000 0000 | 4c8b 6b08 | 4d8d 6d38 | 5348 8b53 | 0848 8b52 | 0848 8b52 | 1848 8b52 | 7048 8b12 
  0x000002628fbace20: 5248 8b53 | 1048 85d2 | 0f84 0700 | 0000 4881 | c210 0100 | 0052 488b | 5308 488b | 5208 488b 
  0x000002628fbace40: 5210 5249 | 8bc6 482b | c548 c1e8 | 0350 6800 | 0000 0068 | f7ff ffff | 41c6 8771 | 0400 0001 
  0x000002628fbace60: 488b 4310 | 4885 c074 | 208b 88cc | 0000 0083 | c102 8988 | cc00 0000 | 2388 e000 | 0000 0f84 
  0x000002628fbace80: 000a 0000 | e9cf 0000 | 0048 8b43 | 1848 85c0 | 0f85 b000 | 0000 e805 | 0000 00e9 | 9900 0000 
  0x000002628fbacea0: 488b d348 | 8d44 2408 | 4c89 6dc0 | 498b cfc5 | f877 4989 | afb0 0300 | 0049 8987 | a003 0000 
  0x000002628fbacec0: 4883 ec20 | 40f6 c40f | 0f84 1900 | 0000 4883 | ec08 48b8 | 8028 4cfe | fc7f 0000 | ffd0 4883 
  0x000002628fbacee0: c408 e90c | 0000 0048 | b880 284c | fefc 7f00 | 00ff d048 | 83c4 2049 | c787 a003 | 0000 0000 
  0x000002628fbacf00: 0000 49c7 | 87b0 0300 | 0000 0000 | 0049 c787 | a803 0000 | 0000 0000 | c5f8 7749 | 837f 0800 
  0x000002628fbacf20: 0f84 0500 | 0000 e995 | 3fff ff4c | 8b6d c04c | 8b75 c84e | 8d74 f500 | c348 8b43 | 1848 85c0 
  0x000002628fbacf40: 0f84 1200 | 0000 8b48 | 0883 c102 | 8948 0823 | 481c 0f84 | 2c09 0000 | 493b a7e8 | 0400 000f 
  0x000002628fbacf60: 8748 0000 | 0089 8424 | 00f0 ffff | 8984 2400 | e0ff ff89 | 8424 00d0 | ffff 8984 | 2400 c0ff 
  0x000002628fbacf80: ff89 8424 | 00b0 ffff | 8984 2400 | a0ff ff89 | 8424 0090 | ffff 8984 | 2400 80ff | ff49 3ba7 
  0x000002628fbacfa0: e004 0000 | 7607 4989 | a7e8 0400 | 0041 c687 | 7104 0000 | 0049 ba41 | bdd3 fefc | 7f00 0041 
  0x000002628fbacfc0: 803a 000f | 843e 0000 | 0048 8b55 | e849 8bcf | 4883 ec20 | 40f6 c40f | 0f84 1900 | 0000 4883 
  0x000002628fbacfe0: ec08 48b8 | f0f0 83fe | fc7f 0000 | ffd0 4883 | c408 e90c | 0000 0048 | b8f0 f083 | fefc 7f00 
  0x000002628fbad000: 00ff d048 | 83c4 2048 | 8b5d e84c | 8b5b 0845 | 0fb7 5b2e | 41c1 e303 | 492b e348 | 83ec 2048 
  0x000002628fbad020: 83e4 f04c | 8b5b 604d | 85db 0f85 | ab00 0000 | e805 0000 | 00e9 9900 | 0000 488b | d348 8d44 
  0x000002628fbad040: 2408 4c89 | 6dc0 498b | cfc5 f877 | 4989 afb0 | 0300 0049 | 8987 a003 | 0000 4883 | ec20 40f6 
  0x000002628fbad060: c40f 0f84 | 1900 0000 | 4883 ec08 | 48b8 e04f | 4cfe fc7f | 0000 ffd0 | 4883 c408 | e90c 0000 
  0x000002628fbad080: 0048 b8e0 | 4f4c fefc | 7f00 00ff | d048 83c4 | 2049 c787 | a003 0000 | 0000 0000 | 49c7 87b0 
  0x000002628fbad0a0: 0300 0000 | 0000 0049 | c787 a803 | 0000 0000 | 0000 c5f8 | 7749 837f | 0800 0f84 | 0500 0000 
  0x000002628fbad0c0: e9fb 3dff | ff4c 8b6d | c04c 8b75 | c84e 8d74 | f500 c348 | 8b5d e84c | 8b5b 6041 | ffd3 488b 
  0x000002628fbad0e0: 5de8 4889 | 4518 448b | 5b28 41f6 | c308 0f84 | 1b00 0000 | 4c8b 5b08 | 4d8b 5b08 | 4d8b 5b18 
  0x000002628fbad100: 4d8b 5b70 | 4d8b 1b4c | 895d 1048 | 8d55 1048 | 8b43 5849 | ba40 3f84 | fefc 7f00 | 0049 3bc2 
  0x000002628fbad120: 0f85 ab00 | 0000 e805 | 0000 00e9 | 9900 0000 | 488b d348 | 8d44 2408 | 4c89 6dc0 | 498b cfc5 
  0x000002628fbad140: f877 4989 | afb0 0300 | 0049 8987 | a003 0000 | 4883 ec20 | 40f6 c40f | 0f84 1900 | 0000 4883 
  0x000002628fbad160: ec08 48b8 | e04f 4cfe | fc7f 0000 | ffd0 4883 | c408 e90c | 0000 0048 | b8e0 4f4c | fefc 7f00 
  0x000002628fbad180: 00ff d048 | 83c4 2049 | c787 a003 | 0000 0000 | 0000 49c7 | 87b0 0300 | 0000 0000 | 0049 c787 
  0x000002628fbad1a0: a803 0000 | 0000 0000 | c5f8 7749 | 837f 0800 | 0f84 0500 | 0000 e905 | 3dff ff4c | 8b6d c04c 
  0x000002628fbad1c0: 8b75 c84e | 8d74 f500 | c348 8b5d | e848 8b43 | 5849 8d8f | c003 0000 | c5f8 7749 | 89af b003 
  0x000002628fbad1e0: 0000 49ba | d8d1 ba8f | 6202 0000 | 4d89 97a8 | 0300 0049 | 89a7 a003 | 0000 41c7 | 8744 0400 
  0x000002628fbad200: 0004 0000 | 00ff d0c5 | f877 4883 | ec10 c5fb | 1104 2448 | 83ec 1048 | 8904 2448 | c744 2408 
  0x000002628fbad220: 0000 0000 | 41c7 8744 | 0400 0005 | 0000 00f0 | 8344 24c0 | 0049 3baf | 4804 0000 | 0f87 0e00 
  0x000002628fbad240: 0000 4183 | bf40 0400 | 0000 0f84 | 2000 0000 | 498b cf4c | 8be4 4883 | ec20 4883 | e4f0 48b8 
  0x000002628fbad260: 80ab 4dfe | fc7f 0000 | ffd0 498b | e44d 33e4 | 41c7 8744 | 0400 0008 | 0000 0049 | c787 a003 
  0x000002628fbad280: 0000 0000 | 0000 49c7 | 87b0 0300 | 0000 0000 | 0049 c787 | a803 0000 | 0000 0000 | c5f8 774d 
  0x000002628fbad2a0: 8b9f 3004 | 0000 41c7 | 8300 0100 | 0000 0000 | 0049 bbda | a5ba 8f62 | 0200 004c | 3b5d 180f 
  0x000002628fbad2c0: 8524 0200 | 0048 8b04 | 2448 83c4 | 1048 85c0 | 0f84 fe01 | 0000 a803 | 0f85 0800 | 0000 488b 
  0x000002628fbad2e0: 00e9 ee01 | 0000 a801 | 0f85 0900 | 0000 488b | 40fe e9dd | 0100 0048 | 8b40 ff41 | 807f 3800 
  0x000002628fbad300: 0f84 ce01 | 0000 4883 | f800 0f84 | c401 0000 | 4d8b 5f28 | 4983 fb00 | 0f84 1400 | 0000 4983 
  0x000002628fbad320: eb08 4d89 | 5f28 4d03 | 5f30 4989 | 03e9 a201 | 0000 4881 | ecd0 0000 | 0048 8904 | 2448 894c 
  0x000002628fbad340: 2408 4889 | 5424 1048 | 8974 2418 | 4889 7c24 | 204c 8944 | 2428 4c89 | 4c24 304c | 8954 2438 
  0x000002628fbad360: 4c89 5c24 | 40c5 fb11 | 4424 50c5 | fb11 4c24 | 58c5 fb11 | 5424 60c5 | fb11 5c24 | 68c5 fb11 
  0x000002628fbad380: 6424 70c5 | fb11 6c24 | 78c5 fb11 | b424 8000 | 0000 c5fb | 11bc 2488 | 0000 00c5 | 7b11 8424 
  0x000002628fbad3a0: 9000 0000 | c57b 118c | 2498 0000 | 00c5 7b11 | 9424 a000 | 0000 c57b | 119c 24a8 | 0000 00c5 
  0x000002628fbad3c0: 7b11 a424 | b000 0000 | c57b 11ac | 24b8 0000 | 00c5 7b11 | b424 c000 | 0000 c57b | 11bc 24c8 
  0x000002628fbad3e0: 0000 0049 | 8bd7 488b | c848 83ec | 2040 f6c4 | 0f0f 8419 | 0000 0048 | 83ec 0848 | b800 0941 
  0x000002628fbad400: fefc 7f00 | 00ff d048 | 83c4 08e9 | 0c00 0000 | 48b8 0009 | 41fe fc7f | 0000 ffd0 | 4883 c420 
  0x000002628fbad420: c57b 10bc | 24c8 0000 | 00c5 7b10 | b424 c000 | 0000 c57b | 10ac 24b8 | 0000 00c5 | 7b10 a424 
  0x000002628fbad440: b000 0000 | c57b 109c | 24a8 0000 | 00c5 7b10 | 9424 a000 | 0000 c57b | 108c 2498 | 0000 00c5 
  0x000002628fbad460: 7b10 8424 | 9000 0000 | c5fb 10bc | 2488 0000 | 00c5 fb10 | b424 8000 | 0000 c5fb | 106c 2478 
  0x000002628fbad480: c5fb 1064 | 2470 c5fb | 105c 2468 | c5fb 1054 | 2460 c5fb | 104c 2458 | c5fb 1044 | 2450 4c8b 
  0x000002628fbad4a0: 5c24 404c | 8b54 2438 | 4c8b 4c24 | 304c 8b44 | 2428 488b | 7c24 2048 | 8b74 2418 | 488b 5424 
  0x000002628fbad4c0: 1048 8b4c | 2408 488b | 0424 4881 | c4d0 0000 | 00c5 f877 | 4889 4510 | 4883 ec10 | 4889 0424 
  0x000002628fbad4e0: 48c7 4424 | 0800 0000 | 0041 83bf | c804 0000 | 020f 85bf | 0000 0048 | 81ec 8000 | 0000 4889 
  0x000002628fbad500: 4424 7848 | 894c 2470 | 4889 5424 | 6848 895c | 2460 4889 | 6c24 5048 | 8974 2448 | 4889 7c24 
  0x000002628fbad520: 404c 8944 | 2438 4c89 | 4c24 304c | 8954 2428 | 4c89 5c24 | 204c 8964 | 2418 4c89 | 6c24 104c 
  0x000002628fbad540: 8974 2408 | 4c89 3c24 | 4c8b e448 | 83ec 2048 | 83e4 f048 | b8a0 2584 | fefc 7f00 | 00ff d049 
  0x000002628fbad560: 8be4 4c8b | 3c24 4c8b | 7424 084c | 8b6c 2410 | 4c8b 6424 | 184c 8b5c | 2420 4c8b | 5424 284c 
  0x000002628fbad580: 8b4c 2430 | 4c8b 4424 | 3848 8b7c | 2440 488b | 7424 4848 | 8b6c 2450 | 488b 5c24 | 6048 8b54 
  0x000002628fbad5a0: 2468 488b | 4c24 7048 | 8b44 2478 | 4881 c480 | 0000 004d | 33e4 488b | 5de8 4c8b | 6b08 4d8d 
  0x000002628fbad5c0: 6d38 4983 | 7f08 000f | 84bb 0000 | 00e8 0500 | 0000 e996 | 0000 0048 | 8d44 2408 | 4c89 6dc0 
  0x000002628fbad5e0: 498b cfc5 | f877 4989 | afb0 0300 | 0049 8987 | a003 0000 | 4883 ec20 | 40f6 c40f | 0f84 1900 
  0x000002628fbad600: 0000 4883 | ec08 48b8 | f06d 4cfe | fc7f 0000 | ffd0 4883 | c408 e90c | 0000 0048 | b8f0 6d4c 
  0x000002628fbad620: fefc 7f00 | 00ff d048 | 83c4 2049 | c787 a003 | 0000 0000 | 0000 49c7 | 87b0 0300 | 0000 0000 
  0x000002628fbad640: 0049 c787 | a803 0000 | 0000 0000 | c5f8 7749 | 837f 0800 | 0f84 0500 | 0000 e961 | 38ff ff4c 
  0x000002628fbad660: 8b6d c04c | 8b75 c84e | 8d74 f500 | c348 b930 | e5ab fefc | 7f00 0048 | 83e4 f048 | b850 4d72 
  0x000002628fbad680: fefc 7f00 | 00ff d0f4 | 448b 5b28 | 41f6 c320 | 0f84 7901 | 0000 488d | 55a8 4c8b | 5a08 4d85 
  0x000002628fbad6a0: db0f 85bb | 0000 00e8 | 0500 0000 | e996 0000 | 0048 8d44 | 2408 4c89 | 6dc0 498b | cfc5 f877 
  0x000002628fbad6c0: 4989 afb0 | 0300 0049 | 8987 a003 | 0000 4883 | ec20 40f6 | c40f 0f84 | 1900 0000 | 4883 ec08 
  0x000002628fbad6e0: 48b8 206d | 4cfe fc7f | 0000 ffd0 | 4883 c408 | e90c 0000 | 0048 b820 | 6d4c fefc | 7f00 00ff 
  0x000002628fbad700: d048 83c4 | 2049 c787 | a003 0000 | 0000 0000 | 49c7 87b0 | 0300 0000 | 0000 0049 | c787 a803 
  0x000002628fbad720: 0000 0000 | 0000 c5f8 | 7749 837f | 0800 0f84 | 0500 0000 | e987 37ff | ff4c 8b6d | c04c 8b75 
  0x000002628fbad740: c84e 8d74 | f500 c348 | b930 e5ab | fefc 7f00 | 0048 83e4 | f048 b850 | 4d72 fefc | 7f00 00ff 
  0x000002628fbad760: d0f4 4c89 | 6dc0 4c8b | 4a08 48c7 | 4208 0000 | 0000 458b | 8718 0600 | 004f 3b4c | 07f8 0f85 
  0x000002628fbad780: 4900 0000 | 4183 af18 | 0600 0008 | 4f3b 4c07 | f00f 842a | 0000 0049 | 8b01 a802 | 0f85 1200 
  0x000002628fbad7a0: 0000 4c8b | c049 83c8 | 01f0 4d0f | b101 0f84 | 0d00 0000 | 4183 8718 | 0600 0008 | e90c 0000 
  0x000002628fbad7c0: 0049 ff8f | 5005 0000 | e93e 0000 | 004c 894a | 0848 8bca | 4883 ec20 | 40f6 c40f | 0f84 1900 
  0x000002628fbad7e0: 0000 4883 | ec08 48b8 | e03f 4cfe | fc7f 0000 | ffd0 4883 | c408 e90c | 0000 0048 | b8e0 3f4c 
  0x000002628fbad800: fefc 7f00 | 00ff d048 | 83c4 204c | 8b6d c049 | ba41 bdd3 | fefc 7f00 | 0041 803a | 000f 843e 
  0x000002628fbad820: 0000 0048 | 8b55 e849 | 8bcf 4883 | ec20 40f6 | c40f 0f84 | 1900 0000 | 4883 ec08 | 48b8 f0f0 
  0x000002628fbad840: 83fe fc7f | 0000 ffd0 | 4883 c408 | e90c 0000 | 0048 b8f0 | f083 fefc | 7f00 00ff | d048 83c4 
  0x000002628fbad860: 2048 8b04 | 2448 83c4 | 10c5 fb10 | 0424 4883 | c410 4c8b | 5d18 41ff | d34c 8b5d | f8c9 5f49 
  0x000002628fbad880: 8be3 ffe7 | ba00 0000 | 00e8 0500 | 0000 e996 | 0000 0048 | 8d44 2408 | 4c89 6dc0 | 498b cfc5 
  0x000002628fbad8a0: f877 4989 | afb0 0300 | 0049 8987 | a003 0000 | 4883 ec20 | 40f6 c40f | 0f84 1900 | 0000 4883 
  0x000002628fbad8c0: ec08 48b8 | 9033 4cfe | fc7f 0000 | ffd0 4883 | c408 e90c | 0000 0048 | b890 334c | fefc 7f00 
  0x000002628fbad8e0: 00ff d048 | 83c4 2049 | c787 a003 | 0000 0000 | 0000 49c7 | 87b0 0300 | 0000 0000 | 0049 c787 
  0x000002628fbad900: a803 0000 | 0000 0000 | c5f8 7749 | 837f 0800 | 0f84 0500 | 0000 e9a5 | 35ff ff4c | 8b6d c04c 
  0x000002628fbad920: 8b75 c84e | 8d74 f500 | c348 8b5d | e8e9 26f6 | ffff 660f | 1f44 0000 
[/MachCode]

---------------  P R O C E S S  ---------------

Threads class SMR info:
_java_thread_list=0x00000262e515bae0, length=17, elements={
0x000002629e0a1bd0, 0x000002629e0a29f0, 0x000002629e0a5a50, 0x000002629e0aa610,
0x000002629e0ad300, 0x000002629e0aead0, 0x000002629e0bedb0, 0x000002629e0bf860,
0x000002629e0af160, 0x000002629e0b0510, 0x000002629e0b0ba0, 0x000002629e0af7f0,
0x000002629e0afe80, 0x000002629e0ae440, 0x00000262e595ab10, 0x00000262e595c550,
0x00000262e5960d80
}

Java Threads: ( => current thread )
  0x000002629e0a1bd0 JavaThread "Reference Handler"          daemon [_thread_blocked, id=15448, stack(0x000000b221000000,0x000000b221100000) (1024K)]
  0x000002629e0a29f0 JavaThread "Finalizer"                  daemon [_thread_blocked, id=17968, stack(0x000000b221100000,0x000000b221200000) (1024K)]
  0x000002629e0a5a50 JavaThread "Signal Dispatcher"          daemon [_thread_blocked, id=15808, stack(0x000000b221200000,0x000000b221300000) (1024K)]
  0x000002629e0aa610 JavaThread "Attach Listener"            daemon [_thread_blocked, id=9284, stack(0x000000b221300000,0x000000b221400000) (1024K)]
  0x000002629e0ad300 JavaThread "Service Thread"             daemon [_thread_blocked, id=7980, stack(0x000000b221400000,0x000000b221500000) (1024K)]
  0x000002629e0aead0 JavaThread "Monitor Deflation Thread"   daemon [_thread_blocked, id=17456, stack(0x000000b221500000,0x000000b221600000) (1024K)]
  0x000002629e0bedb0 JavaThread "C2 CompilerThread0"         daemon [_thread_blocked, id=18016, stack(0x000000b221600000,0x000000b221700000) (1024K)]
  0x000002629e0bf860 JavaThread "C1 CompilerThread0"         daemon [_thread_blocked, id=2148, stack(0x000000b221700000,0x000000b221800000) (1024K)]
  0x000002629e0af160 JavaThread "Common-Cleaner"             daemon [_thread_blocked, id=8952, stack(0x000000b221800000,0x000000b221900000) (1024K)]
  0x000002629e0b0510 JavaThread "Monitor Ctrl-Break"         daemon [_thread_in_native, id=1204, stack(0x000000b221a00000,0x000000b221b00000) (1024K)]
  0x000002629e0b0ba0 JavaThread "Notification Thread"        daemon [_thread_blocked, id=15628, stack(0x000000b221b00000,0x000000b221c00000) (1024K)]
  0x000002629e0af7f0 JavaThread "Java2D Disposer"            daemon [_thread_blocked, id=15248, stack(0x000000b221c00000,0x000000b221d00000) (1024K)]
  0x000002629e0afe80 JavaThread "AWT-Shutdown"                      [_thread_blocked, id=17516, stack(0x000000b221d00000,0x000000b221e00000) (1024K)]
=>0x000002629e0ae440 JavaThread "AWT-Windows"                daemon [_thread_in_native, id=17900, stack(0x000000b221e00000,0x000000b221f00000) (1024K)]
  0x00000262e595ab10 JavaThread "AWT-EventQueue-0"                  [_thread_blocked, id=11776, stack(0x000000b222100000,0x000000b222200000) (1024K)]
  0x00000262e595c550 JavaThread "DestroyJavaVM"                     [_thread_blocked, id=12024, stack(0x000000b220800000,0x000000b220900000) (1024K)]
  0x00000262e5960d80 JavaThread "TimerQueue"                 daemon [_thread_blocked, id=2240, stack(0x000000b222c00000,0x000000b222d00000) (1024K)]
Total: 17

Other Threads:
  0x000002629e087a10 VMThread "VM Thread"                           [id=2784, stack(0x000000b220f00000,0x000000b221000000) (1024K)]
  0x000002629e074560 WatcherThread "VM Periodic Task Thread"        [id=13148, stack(0x000000b220e00000,0x000000b220f00000) (1024K)]
  0x00000262feb257f0 WorkerThread "GC Thread#0"                     [id=4016, stack(0x000000b220900000,0x000000b220a00000) (1024K)]
  0x00000262e57f8e30 WorkerThread "GC Thread#1"                     [id=16532, stack(0x000000b222500000,0x000000b222600000) (1024K)]
  0x00000262e57f91e0 WorkerThread "GC Thread#2"                     [id=17772, stack(0x000000b222600000,0x000000b222700000) (1024K)]
  0x00000262e57f9a10 WorkerThread "GC Thread#3"                     [id=14244, stack(0x000000b222700000,0x000000b222800000) (1024K)]
  0x00000262e57f9dc0 WorkerThread "GC Thread#4"                     [id=15564, stack(0x000000b222800000,0x000000b222900000) (1024K)]
  0x00000262e4fe9d60 WorkerThread "GC Thread#5"                     [id=13808, stack(0x000000b222900000,0x000000b222a00000) (1024K)]
  0x00000262e5a8c050 WorkerThread "GC Thread#6"                     [id=16564, stack(0x000000b222a00000,0x000000b222b00000) (1024K)]
  0x00000262e4b385d0 WorkerThread "GC Thread#7"                     [id=17796, stack(0x000000b222b00000,0x000000b222c00000) (1024K)]
  0x00000262feb3a530 ConcurrentGCThread "G1 Main Marker"            [id=13984, stack(0x000000b220a00000,0x000000b220b00000) (1024K)]
  0x00000262feb3b1f0 WorkerThread "G1 Conc#0"                       [id=10376, stack(0x000000b220b00000,0x000000b220c00000) (1024K)]
  0x000002629df4b9d0 ConcurrentGCThread "G1 Refine#0"               [id=17088, stack(0x000000b220c00000,0x000000b220d00000) (1024K)]
  0x000002629df4c160 ConcurrentGCThread "G1 Service"                [id=2948, stack(0x000000b220d00000,0x000000b220e00000) (1024K)]
Total: 14

Threads with active compile tasks:
Total: 0

VM state: not at safepoint (normal execution)

VM Mutex/Monitor currently owned by a thread: None

Heap address: 0x0000000702600000, size: 4058 MB, Compressed Oops mode: Zero based, Oop shift amount: 3

CDS archive(s) mapped at: [0x000002629f000000-0x000002629fd70000-0x000002629fd70000), size 14090240, SharedBaseAddress: 0x000002629f000000, ArchiveRelocationMode: 1.
Compressed class space mapped at: 0x00000262a0000000-0x00000262e0000000, reserved size: 1073741824
Narrow klass base: 0x000002629f000000, Narrow klass shift: 0, Narrow klass range: 0x41000000

GC Precious Log:
 CardTable entry size: 512
 Card Set container configuration: InlinePtr #cards 4 size 8 Array Of Cards #cards 16 size 48 Howl #buckets 8 coarsen threshold 3686 Howl Bitmap #cards 512 size 80 coarsen threshold 460 Card regions per heap region 1 cards per card region 4096
 CPUs: 8 total, 8 available
 Memory: 16227M
 Large Page Support: Disabled
 NUMA Support: Disabled
 Compressed Oops: Enabled (Zero based)
 Heap Region Size: 2M
 Heap Min Capacity: 8M
 Heap Initial Capacity: 254M
 Heap Max Capacity: 4058M
 Pre-touch: Disabled
 Parallel Workers: 8
 Concurrent Workers: 2
 Concurrent Refinement Workers: 8
 Periodic GC: Disabled

Heap:
 garbage-first heap   total reserved 4155392K, committed 260096K, used 23947K [0x0000000702600000, 0x0000000800000000)
  region size 2048K, 4 young (8192K), 2 survivors (4096K)
 Metaspace       used 8826K, committed 9088K, reserved 1114112K
  class space    used 983K, committed 1088K, reserved 1048576K

Heap Regions: E=young(eden), S=young(survivor), O=old, HS=humongous(starts), HC=humongous(continues), CS=collection set, F=free, TAMS=top-at-mark-start, PB=parsable bottom
|   0|0x0000000702600000, 0x0000000702800000, 0x0000000702800000|100%|HS|  |TAMS 0x0000000702600000| PB 0x0000000702600000| Complete |  0
|   1|0x0000000702800000, 0x0000000702a00000, 0x0000000702a00000|100%|HS|  |TAMS 0x0000000702800000| PB 0x0000000702800000| Complete |  0
|   2|0x0000000702a00000, 0x0000000702c00000, 0x0000000702c00000|100%|HS|  |TAMS 0x0000000702a00000| PB 0x0000000702a00000| Complete |  0
|   3|0x0000000702c00000, 0x0000000702e00000, 0x0000000702e00000|100%|HC|  |TAMS 0x0000000702c00000| PB 0x0000000702c00000| Complete |  0
|   4|0x0000000702e00000, 0x0000000703000000, 0x0000000703000000|100%|HC|  |TAMS 0x0000000702e00000| PB 0x0000000702e00000| Complete |  0
|   5|0x0000000703000000, 0x0000000703200000, 0x0000000703200000|100%|HC|  |TAMS 0x0000000703000000| PB 0x0000000703000000| Complete |  0
|   6|0x0000000703200000, 0x0000000703400000, 0x0000000703400000|100%|HS|  |TAMS 0x0000000703200000| PB 0x0000000703200000| Complete |  0
|   7|0x0000000703400000, 0x0000000703600000, 0x0000000703600000|100%|HS|  |TAMS 0x0000000703400000| PB 0x0000000703400000| Complete |  0
|   8|0x0000000703600000, 0x0000000703800000, 0x0000000703800000|100%|HC|  |TAMS 0x0000000703600000| PB 0x0000000703600000| Complete |  0
|   9|0x0000000703800000, 0x0000000703800000, 0x0000000703a00000|  0%| F|  |TAMS 0x0000000703800000| PB 0x0000000703800000| Untracked |  0
|  10|0x0000000703a00000, 0x0000000703a00000, 0x0000000703c00000|  0%| F|  |TAMS 0x0000000703a00000| PB 0x0000000703a00000| Untracked |  0
|  11|0x0000000703c00000, 0x0000000703c00000, 0x0000000703e00000|  0%| F|  |TAMS 0x0000000703c00000| PB 0x0000000703c00000| Untracked |  0
|  12|0x0000000703e00000, 0x0000000703e00000, 0x0000000704000000|  0%| F|  |TAMS 0x0000000703e00000| PB 0x0000000703e00000| Untracked |  0
|  13|0x0000000704000000, 0x0000000704000000, 0x0000000704200000|  0%| F|  |TAMS 0x0000000704000000| PB 0x0000000704000000| Untracked |  0
|  14|0x0000000704200000, 0x0000000704200000, 0x0000000704400000|  0%| F|  |TAMS 0x0000000704200000| PB 0x0000000704200000| Untracked |  0
|  15|0x0000000704400000, 0x0000000704400000, 0x0000000704600000|  0%| F|  |TAMS 0x0000000704400000| PB 0x0000000704400000| Untracked |  0
|  16|0x0000000704600000, 0x0000000704600000, 0x0000000704800000|  0%| F|  |TAMS 0x0000000704600000| PB 0x0000000704600000| Untracked |  0
|  17|0x0000000704800000, 0x0000000704800000, 0x0000000704a00000|  0%| F|  |TAMS 0x0000000704800000| PB 0x0000000704800000| Untracked |  0
|  18|0x0000000704a00000, 0x0000000704a00000, 0x0000000704c00000|  0%| F|  |TAMS 0x0000000704a00000| PB 0x0000000704a00000| Untracked |  0
|  19|0x0000000704c00000, 0x0000000704c00000, 0x0000000704e00000|  0%| F|  |TAMS 0x0000000704c00000| PB 0x0000000704c00000| Untracked |  0
|  20|0x0000000704e00000, 0x0000000704e00000, 0x0000000705000000|  0%| F|  |TAMS 0x0000000704e00000| PB 0x0000000704e00000| Untracked |  0
|  21|0x0000000705000000, 0x0000000705000000, 0x0000000705200000|  0%| F|  |TAMS 0x0000000705000000| PB 0x0000000705000000| Untracked |  0
|  22|0x0000000705200000, 0x0000000705200000, 0x0000000705400000|  0%| F|  |TAMS 0x0000000705200000| PB 0x0000000705200000| Untracked |  0
|  23|0x0000000705400000, 0x0000000705400000, 0x0000000705600000|  0%| F|  |TAMS 0x0000000705400000| PB 0x0000000705400000| Untracked |  0
|  24|0x0000000705600000, 0x0000000705600000, 0x0000000705800000|  0%| F|  |TAMS 0x0000000705600000| PB 0x0000000705600000| Untracked |  0
|  25|0x0000000705800000, 0x0000000705800000, 0x0000000705a00000|  0%| F|  |TAMS 0x0000000705800000| PB 0x0000000705800000| Untracked |  0
|  26|0x0000000705a00000, 0x0000000705a00000, 0x0000000705c00000|  0%| F|  |TAMS 0x0000000705a00000| PB 0x0000000705a00000| Untracked |  0
|  27|0x0000000705c00000, 0x0000000705c00000, 0x0000000705e00000|  0%| F|  |TAMS 0x0000000705c00000| PB 0x0000000705c00000| Untracked |  0
|  28|0x0000000705e00000, 0x0000000705e00000, 0x0000000706000000|  0%| F|  |TAMS 0x0000000705e00000| PB 0x0000000705e00000| Untracked |  0
|  29|0x0000000706000000, 0x0000000706000000, 0x0000000706200000|  0%| F|  |TAMS 0x0000000706000000| PB 0x0000000706000000| Untracked |  0
|  30|0x0000000706200000, 0x0000000706200000, 0x0000000706400000|  0%| F|  |TAMS 0x0000000706200000| PB 0x0000000706200000| Untracked |  0
|  31|0x0000000706400000, 0x0000000706400000, 0x0000000706600000|  0%| F|  |TAMS 0x0000000706400000| PB 0x0000000706400000| Untracked |  0
|  32|0x0000000706600000, 0x0000000706600000, 0x0000000706800000|  0%| F|  |TAMS 0x0000000706600000| PB 0x0000000706600000| Untracked |  0
|  33|0x0000000706800000, 0x0000000706800000, 0x0000000706a00000|  0%| F|  |TAMS 0x0000000706800000| PB 0x0000000706800000| Untracked |  0
|  34|0x0000000706a00000, 0x0000000706a00000, 0x0000000706c00000|  0%| F|  |TAMS 0x0000000706a00000| PB 0x0000000706a00000| Untracked |  0
|  35|0x0000000706c00000, 0x0000000706c00000, 0x0000000706e00000|  0%| F|  |TAMS 0x0000000706c00000| PB 0x0000000706c00000| Untracked |  0
|  36|0x0000000706e00000, 0x0000000706e00000, 0x0000000707000000|  0%| F|  |TAMS 0x0000000706e00000| PB 0x0000000706e00000| Untracked |  0
|  37|0x0000000707000000, 0x0000000707000000, 0x0000000707200000|  0%| F|  |TAMS 0x0000000707000000| PB 0x0000000707000000| Untracked |  0
|  38|0x0000000707200000, 0x0000000707200000, 0x0000000707400000|  0%| F|  |TAMS 0x0000000707200000| PB 0x0000000707200000| Untracked |  0
|  39|0x0000000707400000, 0x0000000707400000, 0x0000000707600000|  0%| F|  |TAMS 0x0000000707400000| PB 0x0000000707400000| Untracked |  0
|  40|0x0000000707600000, 0x0000000707600000, 0x0000000707800000|  0%| F|  |TAMS 0x0000000707600000| PB 0x0000000707600000| Untracked |  0
|  41|0x0000000707800000, 0x0000000707800000, 0x0000000707a00000|  0%| F|  |TAMS 0x0000000707800000| PB 0x0000000707800000| Untracked |  0
|  42|0x0000000707a00000, 0x0000000707a00000, 0x0000000707c00000|  0%| F|  |TAMS 0x0000000707a00000| PB 0x0000000707a00000| Untracked |  0
|  43|0x0000000707c00000, 0x0000000707c00000, 0x0000000707e00000|  0%| F|  |TAMS 0x0000000707c00000| PB 0x0000000707c00000| Untracked |  0
|  44|0x0000000707e00000, 0x0000000707e00000, 0x0000000708000000|  0%| F|  |TAMS 0x0000000707e00000| PB 0x0000000707e00000| Untracked |  0
|  45|0x0000000708000000, 0x0000000708000000, 0x0000000708200000|  0%| F|  |TAMS 0x0000000708000000| PB 0x0000000708000000| Untracked |  0
|  46|0x0000000708200000, 0x0000000708200000, 0x0000000708400000|  0%| F|  |TAMS 0x0000000708200000| PB 0x0000000708200000| Untracked |  0
|  47|0x0000000708400000, 0x0000000708400000, 0x0000000708600000|  0%| F|  |TAMS 0x0000000708400000| PB 0x0000000708400000| Untracked |  0
|  48|0x0000000708600000, 0x0000000708600000, 0x0000000708800000|  0%| F|  |TAMS 0x0000000708600000| PB 0x0000000708600000| Untracked |  0
|  49|0x0000000708800000, 0x0000000708800000, 0x0000000708a00000|  0%| F|  |TAMS 0x0000000708800000| PB 0x0000000708800000| Untracked |  0
|  50|0x0000000708a00000, 0x0000000708a00000, 0x0000000708c00000|  0%| F|  |TAMS 0x0000000708a00000| PB 0x0000000708a00000| Untracked |  0
|  51|0x0000000708c00000, 0x0000000708c00000, 0x0000000708e00000|  0%| F|  |TAMS 0x0000000708c00000| PB 0x0000000708c00000| Untracked |  0
|  52|0x0000000708e00000, 0x0000000708e00000, 0x0000000709000000|  0%| F|  |TAMS 0x0000000708e00000| PB 0x0000000708e00000| Untracked |  0
|  53|0x0000000709000000, 0x0000000709000000, 0x0000000709200000|  0%| F|  |TAMS 0x0000000709000000| PB 0x0000000709000000| Untracked |  0
|  54|0x0000000709200000, 0x0000000709200000, 0x0000000709400000|  0%| F|  |TAMS 0x0000000709200000| PB 0x0000000709200000| Untracked |  0
|  55|0x0000000709400000, 0x0000000709400000, 0x0000000709600000|  0%| F|  |TAMS 0x0000000709400000| PB 0x0000000709400000| Untracked |  0
|  56|0x0000000709600000, 0x0000000709600000, 0x0000000709800000|  0%| F|  |TAMS 0x0000000709600000| PB 0x0000000709600000| Untracked |  0
|  57|0x0000000709800000, 0x0000000709800000, 0x0000000709a00000|  0%| F|  |TAMS 0x0000000709800000| PB 0x0000000709800000| Untracked |  0
|  58|0x0000000709a00000, 0x0000000709a00000, 0x0000000709c00000|  0%| F|  |TAMS 0x0000000709a00000| PB 0x0000000709a00000| Untracked |  0
|  59|0x0000000709c00000, 0x0000000709c00000, 0x0000000709e00000|  0%| F|  |TAMS 0x0000000709c00000| PB 0x0000000709c00000| Untracked |  0
|  60|0x0000000709e00000, 0x0000000709e00000, 0x000000070a000000|  0%| F|  |TAMS 0x0000000709e00000| PB 0x0000000709e00000| Untracked |  0
|  61|0x000000070a000000, 0x000000070a000000, 0x000000070a200000|  0%| F|  |TAMS 0x000000070a000000| PB 0x000000070a000000| Untracked |  0
|  62|0x000000070a200000, 0x000000070a200000, 0x000000070a400000|  0%| F|  |TAMS 0x000000070a200000| PB 0x000000070a200000| Untracked |  0
|  63|0x000000070a400000, 0x000000070a400000, 0x000000070a600000|  0%| F|  |TAMS 0x000000070a400000| PB 0x000000070a400000| Untracked |  0
|  64|0x000000070a600000, 0x000000070a600000, 0x000000070a800000|  0%| F|  |TAMS 0x000000070a600000| PB 0x000000070a600000| Untracked |  0
|  65|0x000000070a800000, 0x000000070a800000, 0x000000070aa00000|  0%| F|  |TAMS 0x000000070a800000| PB 0x000000070a800000| Untracked |  0
|  66|0x000000070aa00000, 0x000000070aa00000, 0x000000070ac00000|  0%| F|  |TAMS 0x000000070aa00000| PB 0x000000070aa00000| Untracked |  0
|  67|0x000000070ac00000, 0x000000070ac00000, 0x000000070ae00000|  0%| F|  |TAMS 0x000000070ac00000| PB 0x000000070ac00000| Untracked |  0
|  68|0x000000070ae00000, 0x000000070ae00000, 0x000000070b000000|  0%| F|  |TAMS 0x000000070ae00000| PB 0x000000070ae00000| Untracked |  0
|  69|0x000000070b000000, 0x000000070b000000, 0x000000070b200000|  0%| F|  |TAMS 0x000000070b000000| PB 0x000000070b000000| Untracked |  0
|  70|0x000000070b200000, 0x000000070b200000, 0x000000070b400000|  0%| F|  |TAMS 0x000000070b200000| PB 0x000000070b200000| Untracked |  0
|  71|0x000000070b400000, 0x000000070b400000, 0x000000070b600000|  0%| F|  |TAMS 0x000000070b400000| PB 0x000000070b400000| Untracked |  0
|  72|0x000000070b600000, 0x000000070b600000, 0x000000070b800000|  0%| F|  |TAMS 0x000000070b600000| PB 0x000000070b600000| Untracked |  0
|  73|0x000000070b800000, 0x000000070b800000, 0x000000070ba00000|  0%| F|  |TAMS 0x000000070b800000| PB 0x000000070b800000| Untracked |  0
|  74|0x000000070ba00000, 0x000000070ba00000, 0x000000070bc00000|  0%| F|  |TAMS 0x000000070ba00000| PB 0x000000070ba00000| Untracked |  0
|  75|0x000000070bc00000, 0x000000070bc00000, 0x000000070be00000|  0%| F|  |TAMS 0x000000070bc00000| PB 0x000000070bc00000| Untracked |  0
|  76|0x000000070be00000, 0x000000070be00000, 0x000000070c000000|  0%| F|  |TAMS 0x000000070be00000| PB 0x000000070be00000| Untracked |  0
|  77|0x000000070c000000, 0x000000070c000000, 0x000000070c200000|  0%| F|  |TAMS 0x000000070c000000| PB 0x000000070c000000| Untracked |  0
|  78|0x000000070c200000, 0x000000070c200000, 0x000000070c400000|  0%| F|  |TAMS 0x000000070c200000| PB 0x000000070c200000| Untracked |  0
|  79|0x000000070c400000, 0x000000070c400000, 0x000000070c600000|  0%| F|  |TAMS 0x000000070c400000| PB 0x000000070c400000| Untracked |  0
|  80|0x000000070c600000, 0x000000070c600000, 0x000000070c800000|  0%| F|  |TAMS 0x000000070c600000| PB 0x000000070c600000| Untracked |  0
|  81|0x000000070c800000, 0x000000070c800000, 0x000000070ca00000|  0%| F|  |TAMS 0x000000070c800000| PB 0x000000070c800000| Untracked |  0
|  82|0x000000070ca00000, 0x000000070ca00000, 0x000000070cc00000|  0%| F|  |TAMS 0x000000070ca00000| PB 0x000000070ca00000| Untracked |  0
|  83|0x000000070cc00000, 0x000000070cc00000, 0x000000070ce00000|  0%| F|  |TAMS 0x000000070cc00000| PB 0x000000070cc00000| Untracked |  0
|  84|0x000000070ce00000, 0x000000070ce00000, 0x000000070d000000|  0%| F|  |TAMS 0x000000070ce00000| PB 0x000000070ce00000| Untracked |  0
|  85|0x000000070d000000, 0x000000070d000000, 0x000000070d200000|  0%| F|  |TAMS 0x000000070d000000| PB 0x000000070d000000| Untracked |  0
|  86|0x000000070d200000, 0x000000070d200000, 0x000000070d400000|  0%| F|  |TAMS 0x000000070d200000| PB 0x000000070d200000| Untracked |  0
|  87|0x000000070d400000, 0x000000070d400000, 0x000000070d600000|  0%| F|  |TAMS 0x000000070d400000| PB 0x000000070d400000| Untracked |  0
|  88|0x000000070d600000, 0x000000070d600000, 0x000000070d800000|  0%| F|  |TAMS 0x000000070d600000| PB 0x000000070d600000| Untracked |  0
|  89|0x000000070d800000, 0x000000070d800000, 0x000000070da00000|  0%| F|  |TAMS 0x000000070d800000| PB 0x000000070d800000| Untracked |  0
|  90|0x000000070da00000, 0x000000070da00000, 0x000000070dc00000|  0%| F|  |TAMS 0x000000070da00000| PB 0x000000070da00000| Untracked |  0
|  91|0x000000070dc00000, 0x000000070dc00000, 0x000000070de00000|  0%| F|  |TAMS 0x000000070dc00000| PB 0x000000070dc00000| Untracked |  0
|  92|0x000000070de00000, 0x000000070de00000, 0x000000070e000000|  0%| F|  |TAMS 0x000000070de00000| PB 0x000000070de00000| Untracked |  0
|  93|0x000000070e000000, 0x000000070e000000, 0x000000070e200000|  0%| F|  |TAMS 0x000000070e000000| PB 0x000000070e000000| Untracked |  0
|  94|0x000000070e200000, 0x000000070e200000, 0x000000070e400000|  0%| F|  |TAMS 0x000000070e200000| PB 0x000000070e200000| Untracked |  0
|  95|0x000000070e400000, 0x000000070e400000, 0x000000070e600000|  0%| F|  |TAMS 0x000000070e400000| PB 0x000000070e400000| Untracked |  0
|  96|0x000000070e600000, 0x000000070e600000, 0x000000070e800000|  0%| F|  |TAMS 0x000000070e600000| PB 0x000000070e600000| Untracked |  0
|  97|0x000000070e800000, 0x000000070e800000, 0x000000070ea00000|  0%| F|  |TAMS 0x000000070e800000| PB 0x000000070e800000| Untracked |  0
|  98|0x000000070ea00000, 0x000000070ea00000, 0x000000070ec00000|  0%| F|  |TAMS 0x000000070ea00000| PB 0x000000070ea00000| Untracked |  0
|  99|0x000000070ec00000, 0x000000070ec00000, 0x000000070ee00000|  0%| F|  |TAMS 0x000000070ec00000| PB 0x000000070ec00000| Untracked |  0
| 100|0x000000070ee00000, 0x000000070ee00000, 0x000000070f000000|  0%| F|  |TAMS 0x000000070ee00000| PB 0x000000070ee00000| Untracked |  0
| 101|0x000000070f000000, 0x000000070f000000, 0x000000070f200000|  0%| F|  |TAMS 0x000000070f000000| PB 0x000000070f000000| Untracked |  0
| 102|0x000000070f200000, 0x000000070f200000, 0x000000070f400000|  0%| F|  |TAMS 0x000000070f200000| PB 0x000000070f200000| Untracked |  0
| 103|0x000000070f400000, 0x000000070f400000, 0x000000070f600000|  0%| F|  |TAMS 0x000000070f400000| PB 0x000000070f400000| Untracked |  0
| 104|0x000000070f600000, 0x000000070f600000, 0x000000070f800000|  0%| F|  |TAMS 0x000000070f600000| PB 0x000000070f600000| Untracked |  0
| 105|0x000000070f800000, 0x000000070f800000, 0x000000070fa00000|  0%| F|  |TAMS 0x000000070f800000| PB 0x000000070f800000| Untracked |  0
| 106|0x000000070fa00000, 0x000000070fa00000, 0x000000070fc00000|  0%| F|  |TAMS 0x000000070fa00000| PB 0x000000070fa00000| Untracked |  0
| 107|0x000000070fc00000, 0x000000070fc00000, 0x000000070fe00000|  0%| F|  |TAMS 0x000000070fc00000| PB 0x000000070fc00000| Untracked |  0
| 108|0x000000070fe00000, 0x000000070fe00000, 0x0000000710000000|  0%| F|  |TAMS 0x000000070fe00000| PB 0x000000070fe00000| Untracked |  0
| 109|0x0000000710000000, 0x0000000710000000, 0x0000000710200000|  0%| F|  |TAMS 0x0000000710000000| PB 0x0000000710000000| Untracked |  0
| 110|0x0000000710200000, 0x0000000710200000, 0x0000000710400000|  0%| F|  |TAMS 0x0000000710200000| PB 0x0000000710200000| Untracked |  0
| 111|0x0000000710400000, 0x0000000710400000, 0x0000000710600000|  0%| F|  |TAMS 0x0000000710400000| PB 0x0000000710400000| Untracked |  0
| 112|0x0000000710600000, 0x0000000710600000, 0x0000000710800000|  0%| F|  |TAMS 0x0000000710600000| PB 0x0000000710600000| Untracked |  0
| 113|0x0000000710800000, 0x0000000710962ef8, 0x0000000710a00000| 69%| S|CS|TAMS 0x0000000710800000| PB 0x0000000710800000| Complete |  0
| 114|0x0000000710a00000, 0x0000000710c00000, 0x0000000710c00000|100%| S|CS|TAMS 0x0000000710a00000| PB 0x0000000710a00000| Complete |  0
| 115|0x0000000710c00000, 0x0000000710c00000, 0x0000000710e00000|  0%| F|  |TAMS 0x0000000710c00000| PB 0x0000000710c00000| Untracked |  0
| 116|0x0000000710e00000, 0x0000000710e00000, 0x0000000711000000|  0%| F|  |TAMS 0x0000000710e00000| PB 0x0000000710e00000| Untracked |  0
| 117|0x0000000711000000, 0x0000000711000000, 0x0000000711200000|  0%| F|  |TAMS 0x0000000711000000| PB 0x0000000711000000| Untracked |  0
| 118|0x0000000711200000, 0x0000000711200000, 0x0000000711400000|  0%| F|  |TAMS 0x0000000711200000| PB 0x0000000711200000| Untracked |  0
| 119|0x0000000711400000, 0x0000000711400000, 0x0000000711600000|  0%| F|  |TAMS 0x0000000711400000| PB 0x0000000711400000| Untracked |  0
| 120|0x0000000711600000, 0x0000000711600000, 0x0000000711800000|  0%| F|  |TAMS 0x0000000711600000| PB 0x0000000711600000| Untracked |  0
| 121|0x0000000711800000, 0x0000000711800000, 0x0000000711a00000|  0%| F|  |TAMS 0x0000000711800000| PB 0x0000000711800000| Untracked |  0
| 122|0x0000000711a00000, 0x0000000711a00000, 0x0000000711c00000|  0%| F|  |TAMS 0x0000000711a00000| PB 0x0000000711a00000| Untracked |  0
| 123|0x0000000711c00000, 0x0000000711c00000, 0x0000000711e00000|  0%| F|  |TAMS 0x0000000711c00000| PB 0x0000000711c00000| Untracked |  0
| 124|0x0000000711e00000, 0x0000000711e00000, 0x0000000712000000|  0%| F|  |TAMS 0x0000000711e00000| PB 0x0000000711e00000| Untracked |  0
| 125|0x0000000712000000, 0x000000071214ae00, 0x0000000712200000| 64%| E|  |TAMS 0x0000000712000000| PB 0x0000000712000000| Complete |  0
| 126|0x0000000712200000, 0x0000000712400000, 0x0000000712400000|100%| E|CS|TAMS 0x0000000712200000| PB 0x0000000712200000| Complete |  0

Card table byte_map: [0x00000262ff7b0000,0x00000262fffa0000] _byte_map_base: 0x00000262fbf9d000

Marking Bits: (CMBitMap*) 0x00000262feb25f00
 Bits: [0x0000026297670000, 0x000002629b5d8000)

Polling page: 0x00000262fcac0000

Metaspace:

Usage:
  Non-class:      7.66 MB used.
      Class:    983.22 KB used.
       Both:      8.62 MB used.

Virtual space:
  Non-class space:       64.00 MB reserved,       7.81 MB ( 12%) committed,  1 nodes.
      Class space:        1.00 GB reserved,       1.06 MB ( <1%) committed,  1 nodes.
             Both:        1.06 GB reserved,       8.88 MB ( <1%) committed. 

Chunk freelists:
   Non-Class:  8.23 MB
       Class:  14.75 MB
        Both:  22.98 MB

MaxMetaspaceSize: unlimited
CompressedClassSpaceSize: 1.00 GB
Initial GC threshold: 21.00 MB
Current GC threshold: 21.00 MB
CDS: on
 - commit_granule_bytes: 65536.
 - commit_granule_words: 8192.
 - virtual_space_node_default_size: 8388608.
 - enlarge_chunks_in_place: 1.
 - use_allocation_guard: 0.


Internal statistics:

num_allocs_failed_limit: 0.
num_arena_births: 162.
num_arena_deaths: 0.
num_vsnodes_births: 2.
num_vsnodes_deaths: 0.
num_space_committed: 142.
num_space_uncommitted: 0.
num_chunks_returned_to_freelist: 0.
num_chunks_taken_from_freelist: 217.
num_chunk_merges: 0.
num_chunk_splits: 122.
num_chunks_enlarged: 48.
num_inconsistent_stats: 0.

CodeHeap 'non-profiled nmethods': size=120064Kb used=414Kb max_used=414Kb free=119649Kb
 bounds [0x0000026290130000, 0x00000262903a0000, 0x0000026297670000]
CodeHeap 'profiled nmethods': size=120000Kb used=1618Kb max_used=1618Kb free=118381Kb
 bounds [0x0000026288670000, 0x00000262888e0000, 0x000002628fba0000]
CodeHeap 'non-nmethods': size=5696Kb used=1566Kb max_used=1588Kb free=4129Kb
 bounds [0x000002628fba0000, 0x000002628fe10000, 0x0000026290130000]
CodeCache: size=245760Kb, used=3598Kb, max_used=3620Kb, free=242159Kb
 total_blobs=1948, nmethods=1302, adapters=552, full_count=0
Compilation: enabled, stopped_count=0, restarted_count=0

Compilation events (20 events):
Event: 107.941 Thread 0x000002629e0bf860 nmethod 1293 0x0000026288801008 code [0x0000026288801160, 0x0000026288801500]
Event: 107.942 Thread 0x000002629e0bf860 1294       3       java.lang.StringBuilder::<init> (6 bytes)
Event: 107.942 Thread 0x000002629e0bf860 nmethod 1294 0x0000026288801588 code [0x00000262888016a0, 0x00000262888017d8]
Event: 107.943 Thread 0x000002629e0bf860 1295       3       java.nio.ByteBuffer::arrayOffset (35 bytes)
Event: 107.943 Thread 0x000002629e0bedb0 1296       4       java.nio.charset.CoderResult::isUnderflow (13 bytes)
Event: 107.943 Thread 0x000002629e0bf860 nmethod 1295 0x0000026288801888 code [0x00000262888019c0, 0x0000026288801c28]
Event: 107.944 Thread 0x000002629e0bedb0 nmethod 1296 0x0000026290196988 code [0x0000026290196a80, 0x0000026290196b18]
Event: 107.950 Thread 0x000002629e0bf860 1297       3       java.lang.StringConcatHelper::initialCoder (14 bytes)
Event: 107.950 Thread 0x000002629e0bf860 nmethod 1297 0x0000026288801c88 code [0x0000026288801da0, 0x0000026288801eb0]
Event: 107.950 Thread 0x000002629e0bf860 1298       3       java.lang.StringConcatHelper::simpleConcat (94 bytes)
Event: 107.952 Thread 0x000002629e0bf860 nmethod 1298 0x0000026288801f88 code [0x0000026288802240, 0x0000026288803478]
Event: 107.968 Thread 0x000002629e0bf860 1299       3       java.lang.Integer::numberOfLeadingZeros (79 bytes)
Event: 107.969 Thread 0x000002629e0bf860 nmethod 1299 0x0000026288803508 code [0x0000026288803640, 0x00000262888038d0]
Event: 107.969 Thread 0x000002629e0bf860 1300       3       java.beans.PropertyChangeSupport::firePropertyChange (35 bytes)
Event: 107.969 Thread 0x000002629e0bedb0 1303       4       java.util.HashSet::add (20 bytes)
Event: 107.970 Thread 0x000002629e0bf860 nmethod 1300 0x0000026288803908 code [0x0000026288803a80, 0x0000026288804210]
Event: 107.970 Thread 0x000002629e0bf860 1302       3       java.util.IdentityHashMap$IdentityHashMapIterator::hasNext (50 bytes)
Event: 107.970 Thread 0x000002629e0bf860 nmethod 1302 0x0000026288804288 code [0x00000262888043c0, 0x0000026288804608]
Event: 107.970 Thread 0x000002629e0bf860 1301       3       java.util.HashMap::tableSizeFor (32 bytes)
Event: 107.970 Thread 0x000002629e0bf860 nmethod 1301 0x0000026288804688 code [0x00000262888047c0, 0x00000262888049b8]

GC Heap History (2 events):
Event: 1.060 GC heap before
{Heap before GC invocations=0 (full 0):
 garbage-first heap   total reserved 4155392K, committed 260096K, used 43008K [0x0000000702600000, 0x0000000800000000)
  region size 2048K, 12 young (24576K), 0 survivors (0K)
 Metaspace       used 8292K, committed 8512K, reserved 1114112K
  class space    used 926K, committed 1024K, reserved 1048576K
}
Event: 1.065 GC heap after
{Heap after GC invocations=1 (full 0):
 garbage-first heap   total reserved 4155392K, committed 260096K, used 21899K [0x0000000702600000, 0x0000000800000000)
  region size 2048K, 2 young (4096K), 2 survivors (4096K)
 Metaspace       used 8292K, committed 8512K, reserved 1114112K
  class space    used 926K, committed 1024K, reserved 1048576K
}

Dll operation events (13 events):
Event: 0.014 Loaded shared library C:\Users\SingamVenkatesh\.jdks\openjdk-23.0.2\bin\java.dll
Event: 0.049 Loaded shared library C:\Users\SingamVenkatesh\.jdks\openjdk-23.0.2\bin\jsvml.dll
Event: 0.102 Loaded shared library C:\Users\SingamVenkatesh\.jdks\openjdk-23.0.2\bin\zip.dll
Event: 0.105 Loaded shared library C:\Users\SingamVenkatesh\.jdks\openjdk-23.0.2\bin\instrument.dll
Event: 0.110 Loaded shared library C:\Users\SingamVenkatesh\.jdks\openjdk-23.0.2\bin\net.dll
Event: 0.112 Loaded shared library C:\Users\SingamVenkatesh\.jdks\openjdk-23.0.2\bin\nio.dll
Event: 0.115 Loaded shared library C:\Users\SingamVenkatesh\.jdks\openjdk-23.0.2\bin\zip.dll
Event: 0.124 Loaded shared library C:\Program Files\JetBrains\IntelliJ IDEA Community Edition 2024.3.2\bin\breakgen64.dll
Event: 0.132 Loaded shared library C:\Users\SingamVenkatesh\.jdks\openjdk-23.0.2\bin\extnet.dll
Event: 0.146 Loaded shared library C:\Users\SingamVenkatesh\.jdks\openjdk-23.0.2\bin\jimage.dll
Event: 0.166 Loaded shared library C:\Users\SingamVenkatesh\.jdks\openjdk-23.0.2\bin\awt.dll
Event: 0.725 Loaded shared library C:\Users\SingamVenkatesh\.jdks\openjdk-23.0.2\bin\freetype.dll
Event: 0.727 Loaded shared library C:\Users\SingamVenkatesh\.jdks\openjdk-23.0.2\bin\fontmanager.dll

Deoptimization events (20 events):
Event: 1.088 Thread 0x00000262e595ab10 Uncommon trap: trap_request=0xffffffc6 fr.pc=0x000002629018cb54 relative=0x0000000000000554
Event: 1.088 Thread 0x00000262e595ab10 Uncommon trap: reason=bimorphic_or_optimized_type_check action=maybe_recompile pc=0x000002629018cb54 method=java.util.concurrent.ConcurrentHashMap.get(Ljava/lang/Object;)Ljava/lang/Object; @ 149 c2
Event: 1.088 Thread 0x00000262e595ab10 DEOPT PACKING pc=0x000002629018cb54 sp=0x000000b2221fd570
Event: 1.088 Thread 0x00000262e595ab10 DEOPT UNPACKING pc=0x000002628fbf4402 sp=0x000000b2221fd510 mode 2
Event: 1.090 Thread 0x00000262e595ab10 Uncommon trap: trap_request=0xffffffc6 fr.pc=0x000002629018cb54 relative=0x0000000000000554
Event: 1.090 Thread 0x00000262e595ab10 Uncommon trap: reason=bimorphic_or_optimized_type_check action=maybe_recompile pc=0x000002629018cb54 method=java.util.concurrent.ConcurrentHashMap.get(Ljava/lang/Object;)Ljava/lang/Object; @ 149 c2
Event: 1.090 Thread 0x00000262e595ab10 DEOPT PACKING pc=0x000002629018cb54 sp=0x000000b2221fd6a0
Event: 1.090 Thread 0x00000262e595ab10 DEOPT UNPACKING pc=0x000002628fbf4402 sp=0x000000b2221fd640 mode 2
Event: 1.119 Thread 0x00000262e595ab10 Uncommon trap: trap_request=0xffffff45 fr.pc=0x0000026290167910 relative=0x0000000000000070
Event: 1.119 Thread 0x00000262e595ab10 Uncommon trap: reason=unstable_if action=reinterpret pc=0x0000026290167910 method=java.lang.ref.ReferenceQueue.headIsNull()Z @ 4 c2
Event: 1.119 Thread 0x00000262e595ab10 DEOPT PACKING pc=0x0000026290167910 sp=0x000000b2221fd720
Event: 1.119 Thread 0x00000262e595ab10 DEOPT UNPACKING pc=0x000002628fbf4402 sp=0x000000b2221fd5e0 mode 2
Event: 107.939 Thread 0x00000262e595ab10 Uncommon trap: trap_request=0xffffff45 fr.pc=0x0000026290174620 relative=0x0000000000000180
Event: 107.939 Thread 0x00000262e595ab10 Uncommon trap: reason=unstable_if action=reinterpret pc=0x0000026290174620 method=java.util.concurrent.locks.ReentrantLock$NonfairSync.initialTryLock()Z @ 10 c2
Event: 107.939 Thread 0x00000262e595ab10 DEOPT PACKING pc=0x0000026290174620 sp=0x000000b2221fecf0
Event: 107.939 Thread 0x00000262e595ab10 DEOPT UNPACKING pc=0x000002628fbf4402 sp=0x000000b2221feb80 mode 2
Event: 107.939 Thread 0x00000262e595ab10 Uncommon trap: trap_request=0xffffff45 fr.pc=0x00000262901748fc relative=0x00000000000000dc
Event: 107.939 Thread 0x00000262e595ab10 Uncommon trap: reason=unstable_if action=reinterpret pc=0x00000262901748fc method=java.util.concurrent.locks.ReentrantLock$Sync.tryRelease(I)Z @ 26 c2
Event: 107.939 Thread 0x00000262e595ab10 DEOPT PACKING pc=0x00000262901748fc sp=0x000000b2221fecf0
Event: 107.940 Thread 0x00000262e595ab10 DEOPT UNPACKING pc=0x000002628fbf4402 sp=0x000000b2221feb70 mode 2

Classes loaded (20 events):
Event: 5.681 Loading class java/awt/font/TextHitInfo
Event: 5.681 Loading class java/awt/font/TextHitInfo done
Event: 107.938 Loading class java/util/WeakHashMap$KeyIterator
Event: 107.938 Loading class java/util/WeakHashMap$HashIterator
Event: 107.938 Loading class java/util/WeakHashMap$HashIterator done
Event: 107.938 Loading class java/util/WeakHashMap$KeyIterator done
Event: 107.938 Loading class javax/swing/RepaintManager$DisplayChangedRunnable
Event: 107.938 Loading class javax/swing/RepaintManager$DisplayChangedRunnable done
Event: 107.939 Loading class java/awt/IllegalComponentStateException
Event: 107.939 Loading class java/awt/IllegalComponentStateException done
Event: 107.939 Loading class java/lang/InterruptedException
Event: 107.939 Loading class java/lang/InterruptedException done
Event: 107.940 Loading class java/lang/Throwable$WrappedPrintStream
Event: 107.940 Loading class java/lang/Throwable$PrintStreamOrWriter
Event: 107.940 Loading class java/lang/Throwable$PrintStreamOrWriter done
Event: 107.940 Loading class java/lang/Throwable$WrappedPrintStream done
Event: 107.940 Loading class java/lang/StackTraceElement$HashedModules
Event: 107.940 Loading class java/lang/StackTraceElement$HashedModules done
Event: 107.942 Loading class java/awt/AWTError
Event: 107.942 Loading class java/awt/AWTError done

Classes unloaded (0 events):
No events

Classes redefined (0 events):
No events

Internal exceptions (13 events):
Event: 0.120 Thread 0x00000262feabbfb0 Exception <a 'java/lang/NoSuchMethodError'{0x0000000712060ba0}: 'java.lang.Object java.lang.invoke.Invokers$Holder.invokeExact_MT(java.lang.Object, java.lang.Object, java.lang.Object, java.lang.Object, java.lang.Object)'> (0x0000000712060ba0) 
thrown [s\open\src\hotspot\share\interpreter\linkResolver.cpp, line 796]
Event: 0.134 Thread 0x000002629e0b0510 Exception <a 'java/lang/NoSuchMethodError'{0x0000000712083d60}: 'void java.lang.invoke.DirectMethodHandle$Holder.invokeStatic(java.lang.Object, java.lang.Object)'> (0x0000000712083d60) 
thrown [s\open\src\hotspot\share\interpreter\linkResolver.cpp, line 796]
Event: 0.154 Thread 0x00000262feabbfb0 Exception <a 'java/lang/ClassNotFoundException'{0x00000007120febe8}: sun/awt/resources/spi/awtProvider> (0x00000007120febe8) 
thrown [s\open\src\hotspot\share\classfile\systemDictionary.cpp, line 313]
Event: 0.178 Thread 0x00000262feabbfb0 Exception <a 'java/io/FileNotFoundException'{0x000000071214fbe0}> (0x000000071214fbe0) 
thrown [s\open\src\hotspot\share\prims\jni.cpp, line 520]
Event: 0.186 Thread 0x00000262feabbfb0 Exception <a 'java/io/FileNotFoundException'{0x000000071217dfe8}> (0x000000071217dfe8) 
thrown [s\open\src\hotspot\share\prims\jni.cpp, line 520]
Event: 0.265 Thread 0x00000262feabbfb0 Exception <a 'java/lang/NoSuchMethodError'{0x0000000711e2a640}: 'void java.lang.invoke.DirectMethodHandle$Holder.invokeSpecial(java.lang.Object, java.lang.Object, java.lang.Object)'> (0x0000000711e2a640) 
thrown [s\open\src\hotspot\share\interpreter\linkResolver.cpp, line 796]
Event: 0.277 Thread 0x00000262feabbfb0 Exception <a 'java/lang/NoSuchMethodError'{0x0000000711e79c98}: 'java.lang.Object java.lang.invoke.DirectMethodHandle$Holder.invokeStatic(java.lang.Object, int, java.lang.Object)'> (0x0000000711e79c98) 
thrown [s\open\src\hotspot\share\interpreter\linkResolver.cpp, line 796]
Event: 0.297 Thread 0x00000262feabbfb0 Exception <a 'java/lang/ClassNotFoundException'{0x0000000711f9ba88}: com/sun/swing/internal/plaf/metal/resources/spi/metalProvider> (0x0000000711f9ba88) 
thrown [s\open\src\hotspot\share\classfile\systemDictionary.cpp, line 313]
Event: 0.298 Thread 0x00000262feabbfb0 Exception <a 'java/lang/ClassNotFoundException'{0x0000000711f9fa98}: com/sun/swing/internal/plaf/basic/resources/spi/basicProvider> (0x0000000711f9fa98) 
thrown [s\open\src\hotspot\share\classfile\systemDictionary.cpp, line 313]
Event: 0.306 Thread 0x00000262feabbfb0 Exception <a 'java/lang/NoSuchMethodError'{0x0000000711fbc2e8}: 'int java.lang.invoke.Invokers$Holder.invokeExact_MT(java.lang.Object, java.lang.Object)'> (0x0000000711fbc2e8) 
thrown [s\open\src\hotspot\share\interpreter\linkResolver.cpp, line 796]
Event: 0.383 Thread 0x000002629e0b1230 Exception <a 'java/lang/NoSuchMethodError'{0x0000000711d95178}: 'java.lang.Object java.lang.invoke.DirectMethodHandle$Holder.newInvokeSpecial(java.lang.Object, java.lang.Object, java.lang.Object, int, int, int, int, int)'> (0x0000000711d95178) 
thrown [s\open\src\hotspot\share\interpreter\linkResolver.cpp, line 796]
Event: 0.704 Thread 0x000002629e0ae440 Exception <a 'java/lang/NoSuchMethodError'{0x0000000711e89eb0}: 'void java.lang.invoke.DirectMethodHandle$Holder.invokeVirtual(java.lang.Object, java.lang.Object)'> (0x0000000711e89eb0) 
thrown [s\open\src\hotspot\share\interpreter\linkResolver.cpp, line 796]
Event: 0.721 Thread 0x00000262feabbfb0 Exception <a 'java/lang/NoSuchMethodError'{0x0000000711825f40}: 'void java.lang.invoke.DirectMethodHandle$Holder.invokeStaticInit(java.lang.Object)'> (0x0000000711825f40) 
thrown [s\open\src\hotspot\share\interpreter\linkResolver.cpp, line 796]

VM Operations (16 events):
Event: 0.087 Executing VM operation: HandshakeAllThreads (Deoptimize)
Event: 0.087 Executing VM operation: HandshakeAllThreads (Deoptimize) done
Event: 0.195 Executing VM operation: HandshakeAllThreads (Deoptimize)
Event: 0.195 Executing VM operation: HandshakeAllThreads (Deoptimize) done
Event: 0.363 Executing VM operation: HandshakeAllThreads (Deoptimize)
Event: 0.363 Executing VM operation: HandshakeAllThreads (Deoptimize) done
Event: 0.425 Executing VM operation: HandshakeAllThreads (Deoptimize)
Event: 0.425 Executing VM operation: HandshakeAllThreads (Deoptimize) done
Event: 0.544 Executing VM operation: HandshakeAllThreads (Deoptimize)
Event: 0.544 Executing VM operation: HandshakeAllThreads (Deoptimize) done
Event: 1.060 Executing VM operation: G1CollectForAllocation (G1 Evacuation Pause)
Event: 1.065 Executing VM operation: G1CollectForAllocation (G1 Evacuation Pause) done
Event: 60.115 Executing VM operation: HandshakeAllThreads (HandshakeForDeflation)
Event: 60.115 Executing VM operation: HandshakeAllThreads (HandshakeForDeflation) done
Event: 60.115 Executing VM operation: RendezvousGCThreads
Event: 60.115 Executing VM operation: RendezvousGCThreads done

Memory protections (0 events):
No events

Nmethod flushes (0 events):
No events

Events (20 events):
Event: 0.047 Thread 0x00000262feabbfb0 Thread added: 0x000002629e0ad300
Event: 0.047 Thread 0x00000262feabbfb0 Thread added: 0x000002629e0aead0
Event: 0.047 Thread 0x00000262feabbfb0 Thread added: 0x000002629e0bedb0
Event: 0.047 Thread 0x00000262feabbfb0 Thread added: 0x000002629e0bf860
Event: 0.077 Thread 0x00000262feabbfb0 Thread added: 0x000002629e0af160
Event: 0.095 Thread 0x000002629e0bedb0 Thread added: 0x000002629e1d58e0
Event: 0.124 Thread 0x00000262feabbfb0 Thread added: 0x000002629e0b0510
Event: 0.124 Thread 0x00000262feabbfb0 Thread added: 0x000002629e0b0ba0
Event: 0.234 Thread 0x00000262feabbfb0 Thread added: 0x000002629e0af7f0
Event: 0.235 Thread 0x00000262feabbfb0 Thread added: 0x000002629e0afe80
Event: 0.237 Thread 0x00000262feabbfb0 Thread added: 0x000002629e0ae440
Event: 0.312 Thread 0x00000262feabbfb0 Thread added: 0x000002629e0b1230
Event: 0.514 Thread 0x00000262feabbfb0 Thread added: 0x000002629e0addb0
Event: 0.703 Thread 0x000002629e0ae440 Thread added: 0x00000262e595ab10
Event: 0.831 Thread 0x00000262feabbfb0 Thread exited: 0x00000262feabbfb0
Event: 0.832 Thread 0x00000262e595c550 Thread added: 0x00000262e595c550
Event: 1.121 Thread 0x00000262e595ab10 Thread added: 0x00000262e5960d80
Event: 1.633 Thread 0x000002629e1d58e0 Thread exited: 0x000002629e1d58e0
Event: 5.636 Thread 0x000002629e0addb0 Thread exited: 0x000002629e0addb0
Event: 5.698 Thread 0x000002629e0b1230 Thread exited: 0x000002629e0b1230


Dynamic libraries:
0x00007ff7beeb0000 - 0x00007ff7beebe000 	C:\Users\SingamVenkatesh\.jdks\openjdk-23.0.2\bin\java.exe
0x00007ffdca370000 - 0x00007ffdca587000 	C:\WINDOWS\SYSTEM32\ntdll.dll
0x00007ffdc9590000 - 0x00007ffdc9654000 	C:\WINDOWS\System32\KERNEL32.DLL
0x00007ffdc76b0000 - 0x00007ffdc7a6a000 	C:\WINDOWS\System32\KERNELBASE.dll
0x00007ffdc7e80000 - 0x00007ffdc7f91000 	C:\WINDOWS\System32\ucrtbase.dll
0x00007ffdc0200000 - 0x00007ffdc0217000 	C:\Users\SingamVenkatesh\.jdks\openjdk-23.0.2\bin\jli.dll
0x00007ffdbd090000 - 0x00007ffdbd0ab000 	C:\Users\SingamVenkatesh\.jdks\openjdk-23.0.2\bin\VCRUNTIME140.dll
0x00007ffdc85b0000 - 0x00007ffdc875e000 	C:\WINDOWS\System32\USER32.dll
0x00007ffdc7a70000 - 0x00007ffdc7a96000 	C:\WINDOWS\System32\win32u.dll
0x00007ffda2f10000 - 0x00007ffda31a2000 	C:\WINDOWS\WinSxS\amd64_microsoft.windows.common-controls_6595b64144ccf1df_6.0.22621.4541_none_2710d1c57384c085\COMCTL32.dll
0x00007ffdc93c0000 - 0x00007ffdc9467000 	C:\WINDOWS\System32\msvcrt.dll
0x00007ffdc8940000 - 0x00007ffdc8969000 	C:\WINDOWS\System32\GDI32.dll
0x00007ffdc7cc0000 - 0x00007ffdc7ddb000 	C:\WINDOWS\System32\gdi32full.dll
0x00007ffdc7de0000 - 0x00007ffdc7e7a000 	C:\WINDOWS\System32\msvcp_win.dll
0x00007ffdc9c40000 - 0x00007ffdc9c71000 	C:\WINDOWS\System32\IMM32.DLL
0x00007ffdc0740000 - 0x00007ffdc074c000 	C:\Users\SingamVenkatesh\.jdks\openjdk-23.0.2\bin\vcruntime140_1.dll
0x00007ffda4a00000 - 0x00007ffda4a8e000 	C:\Users\SingamVenkatesh\.jdks\openjdk-23.0.2\bin\msvcp140.dll
0x00007ffcfe0f0000 - 0x00007ffcfee40000 	C:\Users\SingamVenkatesh\.jdks\openjdk-23.0.2\bin\server\jvm.dll
0x00007ffdc9c80000 - 0x00007ffdc9d32000 	C:\WINDOWS\System32\ADVAPI32.dll
0x00007ffdc8350000 - 0x00007ffdc83f7000 	C:\WINDOWS\System32\sechost.dll
0x00007ffdc7aa0000 - 0x00007ffdc7ac8000 	C:\WINDOWS\System32\bcrypt.dll
0x00007ffdc9470000 - 0x00007ffdc9584000 	C:\WINDOWS\System32\RPCRT4.dll
0x00007ffdc9b40000 - 0x00007ffdc9bb1000 	C:\WINDOWS\System32\WS2_32.dll
0x00007ffdc6390000 - 0x00007ffdc63dd000 	C:\WINDOWS\SYSTEM32\POWRPROF.dll
0x00007ffdbc2c0000 - 0x00007ffdbc2ca000 	C:\WINDOWS\SYSTEM32\VERSION.dll
0x00007ffda7da0000 - 0x00007ffda7dd4000 	C:\WINDOWS\SYSTEM32\WINMM.dll
0x00007ffdc6370000 - 0x00007ffdc6383000 	C:\WINDOWS\SYSTEM32\UMPDC.dll
0x00007ffdc6630000 - 0x00007ffdc6648000 	C:\WINDOWS\SYSTEM32\kernel.appcore.dll
0x00007ffdc01d0000 - 0x00007ffdc01da000 	C:\Users\SingamVenkatesh\.jdks\openjdk-23.0.2\bin\jimage.dll
0x00007ffdc4dd0000 - 0x00007ffdc5002000 	C:\WINDOWS\SYSTEM32\DBGHELP.DLL
0x00007ffdc9790000 - 0x00007ffdc9b21000 	C:\WINDOWS\System32\combase.dll
0x00007ffdc8110000 - 0x00007ffdc81e7000 	C:\WINDOWS\System32\OLEAUT32.dll
0x00007ffdbc940000 - 0x00007ffdbc972000 	C:\WINDOWS\SYSTEM32\dbgcore.DLL
0x00007ffdc7ad0000 - 0x00007ffdc7b4b000 	C:\WINDOWS\System32\bcryptPrimitives.dll
0x00007ffdbd0d0000 - 0x00007ffdbd0df000 	C:\Users\SingamVenkatesh\.jdks\openjdk-23.0.2\bin\instrument.dll
0x00007ffdbcfe0000 - 0x00007ffdbcffe000 	C:\Users\SingamVenkatesh\.jdks\openjdk-23.0.2\bin\java.dll
0x00007ffdc8970000 - 0x00007ffdc8b15000 	C:\WINDOWS\System32\ole32.dll
0x00007ffdc8b40000 - 0x00007ffdc93b9000 	C:\WINDOWS\System32\SHELL32.dll
0x00007ffdc51f0000 - 0x00007ffdc5af9000 	C:\WINDOWS\SYSTEM32\windows.storage.dll
0x00007ffdc5b40000 - 0x00007ffdc5c7f000 	C:\WINDOWS\SYSTEM32\wintypes.dll
0x00007ffdc8400000 - 0x00007ffdc84fa000 	C:\WINDOWS\System32\SHCORE.dll
0x00007ffdc9730000 - 0x00007ffdc978e000 	C:\WINDOWS\System32\shlwapi.dll
0x00007ffdc7560000 - 0x00007ffdc758b000 	C:\WINDOWS\SYSTEM32\profapi.dll
0x00007ffda1e80000 - 0x00007ffda1f57000 	C:\Users\SingamVenkatesh\.jdks\openjdk-23.0.2\bin\jsvml.dll
0x00007ffdbc5c0000 - 0x00007ffdbc5d7000 	C:\Users\SingamVenkatesh\.jdks\openjdk-23.0.2\bin\zip.dll
0x00007ffdbd010000 - 0x00007ffdbd020000 	C:\Users\SingamVenkatesh\.jdks\openjdk-23.0.2\bin\net.dll
0x00007ffdc6be0000 - 0x00007ffdc6c49000 	C:\WINDOWS\system32\mswsock.dll
0x00007ffdbc7f0000 - 0x00007ffdbc806000 	C:\Users\SingamVenkatesh\.jdks\openjdk-23.0.2\bin\nio.dll
0x00007ffdb2b80000 - 0x00007ffdb2b9a000 	C:\Program Files\JetBrains\IntelliJ IDEA Community Edition 2024.3.2\bin\breakgen64.dll
0x00007ffdbccc0000 - 0x00007ffdbccc9000 	C:\Users\SingamVenkatesh\.jdks\openjdk-23.0.2\bin\extnet.dll
0x00007ffd8b670000 - 0x00007ffd8b7fd000 	C:\Users\SingamVenkatesh\.jdks\openjdk-23.0.2\bin\awt.dll
0x00007ffdbf1c0000 - 0x00007ffdbf257000 	C:\WINDOWS\SYSTEM32\apphelp.dll
0x00007ffdc0fb0000 - 0x00007ffdc0fdb000 	C:\WINDOWS\system32\DWMAPI.DLL
0x00007ffdc0d60000 - 0x00007ffdc0e11000 	C:\WINDOWS\system32\uxtheme.dll
0x00007ffd96760000 - 0x00007ffd96860000 	C:\WINDOWS\system32\opengl32.dll
0x00007ffd96730000 - 0x00007ffd9675d000 	C:\WINDOWS\SYSTEM32\GLU32.dll
0x00007ffdc4690000 - 0x00007ffdc46c7000 	C:\WINDOWS\SYSTEM32\dxcore.dll
0x00007ffdca1c0000 - 0x00007ffdca321000 	C:\WINDOWS\System32\MSCTF.dll
0x00007ffda29a0000 - 0x00007ffda2a27000 	C:\Users\SingamVenkatesh\.jdks\openjdk-23.0.2\bin\freetype.dll
0x00007ffda1b60000 - 0x00007ffda1c37000 	C:\Users\SingamVenkatesh\.jdks\openjdk-23.0.2\bin\fontmanager.dll
0x00007ffdc8500000 - 0x00007ffdc85b0000 	C:\WINDOWS\System32\clbcatq.dll
0x00007ffdc0b30000 - 0x00007ffdc0ce0000 	C:\WINDOWS\SYSTEM32\WindowsCodecs.dll
0x00007ffd9ede0000 - 0x00007ffd9ee3e000 	C:\WINDOWS\system32\dataexchange.dll
0x00007ffdb85b0000 - 0x00007ffdb8854000 	C:\WINDOWS\system32\twinapi.appcore.dll
0x00007ffdacba0000 - 0x00007ffdacce5000 	C:\WINDOWS\SYSTEM32\textinputframework.dll
0x00007ffd9f860000 - 0x00007ffd9f8c9000 	C:\WINDOWS\system32\Oleacc.dll
0x00007ffdbed60000 - 0x00007ffdbee93000 	C:\WINDOWS\SYSTEM32\CoreMessaging.dll
0x00007ffdb9960000 - 0x00007ffdb9ccd000 	C:\WINDOWS\SYSTEM32\CoreUIComponents.dll
0x00007ffdc6ec0000 - 0x00007ffdc6ecc000 	C:\WINDOWS\SYSTEM32\CRYPTBASE.DLL

dbghelp: loaded successfully - version: 4.0.5 - missing functions: none
symbol engine: initialized successfully - sym options: 0x614 - pdb path: .;C:\Users\SingamVenkatesh\.jdks\openjdk-23.0.2\bin;C:\WINDOWS\SYSTEM32;C:\WINDOWS\WinSxS\amd64_microsoft.windows.common-controls_6595b64144ccf1df_6.0.22621.4541_none_2710d1c57384c085;C:\Users\SingamVenkatesh\.jdks\openjdk-23.0.2\bin\server;C:\Program Files\JetBrains\IntelliJ IDEA Community Edition 2024.3.2\bin

VM Arguments:
jvm_args: -javaagent:C:\Program Files\JetBrains\IntelliJ IDEA Community Edition 2024.3.2\lib\idea_rt.jar=52513:C:\Program Files\JetBrains\IntelliJ IDEA Community Edition 2024.3.2\bin -Dfile.encoding=UTF-8 -Dsun.stdout.encoding=UTF-8 -Dsun.stderr.encoding=UTF-8 
java_command: Bank.Management.System.Login
java_class_path (initial): C:\Users\SingamVenkatesh\IdeaProjects\Bank Management System\out\production\Bank Management System
Launcher Type: SUN_STANDARD

[Global flags]
     intx CICompilerCount                          = 4                                         {product} {ergonomic}
     uint ConcGCThreads                            = 2                                         {product} {ergonomic}
     uint G1ConcRefinementThreads                  = 8                                         {product} {ergonomic}
   size_t G1HeapRegionSize                         = 2097152                                   {product} {ergonomic}
   size_t InitialHeapSize                          = 266338304                                 {product} {ergonomic}
   size_t MarkStackSize                            = 4194304                                   {product} {ergonomic}
   size_t MarkStackSizeMax                         = 536870912                                 {product} {ergonomic}
   size_t MaxHeapSize                              = 4255121408                                {product} {ergonomic}
   size_t MaxNewSize                               = 2552233984                                {product} {ergonomic}
   size_t MinHeapDeltaBytes                        = 2097152                                   {product} {ergonomic}
   size_t MinHeapSize                              = 8388608                                   {product} {ergonomic}
    uintx NonNMethodCodeHeapSize                   = 5832704                                {pd product} {ergonomic}
    uintx NonProfiledCodeHeapSize                  = 122945536                              {pd product} {ergonomic}
    uintx ProfiledCodeHeapSize                     = 122880000                              {pd product} {ergonomic}
    uintx ReservedCodeCacheSize                    = 251658240                              {pd product} {ergonomic}
     bool SegmentedCodeCache                       = true                                      {product} {ergonomic}
   size_t SoftMaxHeapSize                          = 4255121408                             {manageable} {ergonomic}
     bool UseCompressedOops                        = true                           {product lp64_product} {ergonomic}
     bool UseG1GC                                  = true                                      {product} {ergonomic}
     bool UseLargePagesIndividualAllocation        = false                                  {pd product} {ergonomic}

Logging:
Log output configuration:
 #0: stdout all=warning uptime,level,tags foldmultilines=false
 #1: stderr all=off uptime,level,tags foldmultilines=false

Environment Variables:
JAVA_HOME=C:\Program Files\Eclipse Adoptium\jdk-17.0.12.7-hotspot\
PATH=C:\oraclexe\app\oracle\product\10.2.0\server\bin;C:\WINDOWS.X64_213000_db_home\bin;C:\WINDOWS.X64_193000_db_home\bin;C:\APP\db_home\bin;C:\Program Files\Eclipse Adoptium\jdk-17.0.12.7-hotspot\bin;C:\Program Files (x86)\Common Files\Oracle\Java\java8path;C:\Program Files (x86)\Common Files\Oracle\Java\javapath;C:\WINDOWS\system32;C:\WINDOWS;C:\WINDOWS\System32\Wbem;C:\WINDOWS\System32\WindowsPowerShell\v1.0\;C:\WINDOWS\System32\OpenSSH\;C:\Program Files\nodejs\;C:\ProgramData\chocolatey\bin;C:\Program Files\MySQL\MySQL Shell 8.0\bin\;C:\Users\SingamVenkatesh\AppData\Local\Microsoft\WindowsApps;C:\Users\SingamVenkatesh\AppData\Local\Programs\Microsoft VS Code\bin;C:\Users\SingamVenkatesh\AppData\Roaming\npm;C:\Program Files\JetBrains\IntelliJ IDEA Community Edition 2024.3.2\bin;
USERNAME=SingamVenkatesh
OS=Windows_NT
PROCESSOR_IDENTIFIER=Intel64 Family 6 Model 142 Stepping 10, GenuineIntel
TMP=C:\Users\SINGAM~1\AppData\Local\Temp
TEMP=C:\Users\SINGAM~1\AppData\Local\Temp




Periodic native trim disabled

---------------  S Y S T E M  ---------------

OS:
 Windows 11 , 64 bit Build 22621 (10.0.22621.4391)
OS uptime: 0 days 17:53 hours
Hyper-V role detected

CPU: total 8 (initial active 8) (4 cores per cpu, 2 threads per core) family 6 model 142 stepping 10 microcode 0xf6, cx8, cmov, fxsr, ht, mmx, 3dnowpref, sse, sse2, sse3, ssse3, sse4.1, sse4.2, popcnt, lzcnt, tsc, tscinvbit, avx, avx2, aes, erms, clmul, bmi1, bmi2, rtm, adx, fma, vzeroupper, clflush, clflushopt, hv, rdtscp, f16c
Processor Information for the first 8 processors :
  Max Mhz: 2112, Current Mhz: 1910, Mhz Limit: 1900

Memory: 4k page, system-wide physical 16227M (6627M free)
TotalPageFile size 18659M (AvailPageFile size 5965M)
current process WorkingSet (physical memory assigned to process): 109M, peak: 122M
current process commit charge ("private bytes"): 362M, peak: 375M

vm_info: OpenJDK 64-Bit Server VM (23.0.2+7-58) for windows-amd64 JRE (23.0.2+7-58), built on 2024-11-29T09:34:55Z with MS VC++ 17.6 (VS2022)

END.
